{"C:\\Users\\Corey\\Desktop\\PRJ666\\Repo\\Temp\\mobile-app-backend\\index.js":{"path":"C:\\Users\\Corey\\Desktop\\PRJ666\\Repo\\Temp\\mobile-app-backend\\index.js","s":{"1":1,"2":1,"3":1,"4":1,"5":1,"6":1,"7":1,"8":1,"9":1,"10":1,"11":0,"12":0,"13":0,"14":1,"15":1,"16":1,"17":1,"18":1,"19":0,"20":1,"21":0},"b":{"1":[1,1]},"f":{},"fnMap":{},"statementMap":{"1":{"start":{"line":1,"column":0},"end":{"line":1,"column":27}},"2":{"start":{"line":2,"column":0},"end":{"line":2,"column":43}},"3":{"start":{"line":3,"column":0},"end":{"line":3,"column":35}},"4":{"start":{"line":4,"column":0},"end":{"line":4,"column":29}},"5":{"start":{"line":5,"column":0},"end":{"line":5,"column":42}},"6":{"start":{"line":6,"column":0},"end":{"line":6,"column":37}},"7":{"start":{"line":7,"column":0},"end":{"line":7,"column":44}},"8":{"start":{"line":8,"column":0},"end":{"line":8,"column":40}},"9":{"start":{"line":11,"column":0},"end":{"line":11,"column":22}},"10":{"start":{"line":14,"column":0},"end":{"line":20,"column":3}},"11":{"start":{"line":15,"column":2},"end":{"line":15,"column":37}},"12":{"start":{"line":17,"column":2},"end":{"line":17,"column":30}},"13":{"start":{"line":18,"column":2},"end":{"line":18,"column":43}},"14":{"start":{"line":23,"column":0},"end":{"line":23,"column":26}},"15":{"start":{"line":26,"column":0},"end":{"line":26,"column":15}},"16":{"start":{"line":29,"column":0},"end":{"line":29,"column":24}},"17":{"start":{"line":32,"column":0},"end":{"line":32,"column":47}},"18":{"start":{"line":35,"column":0},"end":{"line":37,"column":3}},"19":{"start":{"line":36,"column":2},"end":{"line":36,"column":36}},"20":{"start":{"line":40,"column":0},"end":{"line":42,"column":3}},"21":{"start":{"line":41,"column":2},"end":{"line":41,"column":43}}},"branchMap":{"1":{"line":2,"type":"binary-expr","locations":[{"start":{"line":2,"column":18},"end":{"line":2,"column":34}},{"start":{"line":2,"column":38},"end":{"line":2,"column":42}}]}}},"C:\\Users\\Corey\\Desktop\\PRJ666\\Repo\\Temp\\mobile-app-backend\\routes\\index.js":{"path":"C:\\Users\\Corey\\Desktop\\PRJ666\\Repo\\Temp\\mobile-app-backend\\routes\\index.js","s":{"1":1,"2":1,"3":1,"4":1,"5":1,"6":1,"7":1,"8":1,"9":1,"10":1,"11":1,"12":0,"13":0,"14":1,"15":1,"16":1,"17":1,"18":1,"19":1,"20":1,"21":1,"22":1},"b":{},"f":{"1":0},"fnMap":{"1":{"name":"(anonymous_1)","line":14,"loc":{"start":{"line":14,"column":17},"end":{"line":14,"column":43}}}},"statementMap":{"1":{"start":{"line":1,"column":0},"end":{"line":1,"column":52}},"2":{"start":{"line":2,"column":0},"end":{"line":2,"column":55}},"3":{"start":{"line":3,"column":0},"end":{"line":3,"column":55}},"4":{"start":{"line":4,"column":0},"end":{"line":4,"column":43}},"5":{"start":{"line":5,"column":0},"end":{"line":5,"column":58}},"6":{"start":{"line":6,"column":0},"end":{"line":6,"column":58}},"7":{"start":{"line":7,"column":0},"end":{"line":7,"column":40}},"8":{"start":{"line":8,"column":0},"end":{"line":8,"column":70}},"9":{"start":{"line":11,"column":0},"end":{"line":11,"column":35}},"10":{"start":{"line":12,"column":0},"end":{"line":12,"column":32}},"11":{"start":{"line":14,"column":0},"end":{"line":17,"column":3}},"12":{"start":{"line":15,"column":4},"end":{"line":15,"column":63}},"13":{"start":{"line":16,"column":4},"end":{"line":16,"column":11}},"14":{"start":{"line":19,"column":0},"end":{"line":19,"column":27}},"15":{"start":{"line":20,"column":0},"end":{"line":20,"column":28}},"16":{"start":{"line":21,"column":0},"end":{"line":21,"column":24}},"17":{"start":{"line":22,"column":0},"end":{"line":22,"column":28}},"18":{"start":{"line":23,"column":0},"end":{"line":23,"column":29}},"19":{"start":{"line":24,"column":0},"end":{"line":24,"column":29}},"20":{"start":{"line":25,"column":0},"end":{"line":25,"column":23}},"21":{"start":{"line":26,"column":0},"end":{"line":26,"column":33}},"22":{"start":{"line":28,"column":0},"end":{"line":28,"column":24}}},"branchMap":{}},"C:\\Users\\Corey\\Desktop\\PRJ666\\Repo\\Temp\\mobile-app-backend\\models\\groupFeed.js":{"path":"C:\\Users\\Corey\\Desktop\\PRJ666\\Repo\\Temp\\mobile-app-backend\\models\\groupFeed.js","s":{"1":1,"2":1,"3":1,"4":1,"5":1,"6":1},"b":{},"f":{},"fnMap":{},"statementMap":{"1":{"start":{"line":1,"column":0},"end":{"line":1,"column":37}},"2":{"start":{"line":2,"column":0},"end":{"line":2,"column":31}},"3":{"start":{"line":3,"column":0},"end":{"line":3,"column":48}},"4":{"start":{"line":6,"column":0},"end":{"line":11,"column":3}},"5":{"start":{"line":13,"column":0},"end":{"line":13,"column":63}},"6":{"start":{"line":14,"column":0},"end":{"line":14,"column":27}}},"branchMap":{}},"C:\\Users\\Corey\\Desktop\\PRJ666\\Repo\\Temp\\mobile-app-backend\\models\\groupFeedSubDocs\\post.js":{"path":"C:\\Users\\Corey\\Desktop\\PRJ666\\Repo\\Temp\\mobile-app-backend\\models\\groupFeedSubDocs\\post.js","s":{"1":1,"2":1,"3":1,"4":1},"b":{},"f":{},"fnMap":{},"statementMap":{"1":{"start":{"line":1,"column":0},"end":{"line":1,"column":37}},"2":{"start":{"line":2,"column":0},"end":{"line":2,"column":31}},"3":{"start":{"line":5,"column":0},"end":{"line":19,"column":2}},"4":{"start":{"line":22,"column":0},"end":{"line":22,"column":28}}},"branchMap":{}},"C:\\Users\\Corey\\Desktop\\PRJ666\\Repo\\Temp\\mobile-app-backend\\models\\group.js":{"path":"C:\\Users\\Corey\\Desktop\\PRJ666\\Repo\\Temp\\mobile-app-backend\\models\\group.js","s":{"1":1,"2":1,"3":1,"4":1,"5":1,"6":0,"7":1,"8":1},"b":{},"f":{"1":0},"fnMap":{"1":{"name":"(anonymous_1)","line":19,"loc":{"start":{"line":19,"column":35},"end":{"line":19,"column":47}}}},"statementMap":{"1":{"start":{"line":1,"column":0},"end":{"line":1,"column":37}},"2":{"start":{"line":2,"column":0},"end":{"line":2,"column":31}},"3":{"start":{"line":3,"column":0},"end":{"line":3,"column":72}},"4":{"start":{"line":6,"column":0},"end":{"line":17,"column":3}},"5":{"start":{"line":19,"column":0},"end":{"line":19,"column":69}},"6":{"start":{"line":19,"column":49},"end":{"line":19,"column":65}},"7":{"start":{"line":22,"column":0},"end":{"line":22,"column":51}},"8":{"start":{"line":23,"column":0},"end":{"line":23,"column":23}}},"branchMap":{}},"C:\\Users\\Corey\\Desktop\\PRJ666\\Repo\\Temp\\mobile-app-backend\\models\\groupSubDocs\\customMarkCategory.js":{"path":"C:\\Users\\Corey\\Desktop\\PRJ666\\Repo\\Temp\\mobile-app-backend\\models\\groupSubDocs\\customMarkCategory.js","s":{"1":1,"2":1,"3":1,"4":1},"b":{},"f":{},"fnMap":{},"statementMap":{"1":{"start":{"line":1,"column":0},"end":{"line":1,"column":37}},"2":{"start":{"line":2,"column":0},"end":{"line":2,"column":31}},"3":{"start":{"line":5,"column":0},"end":{"line":9,"column":3}},"4":{"start":{"line":12,"column":0},"end":{"line":12,"column":42}}},"branchMap":{}},"C:\\Users\\Corey\\Desktop\\PRJ666\\Repo\\Temp\\mobile-app-backend\\routes\\groupMarks\\groupMarks.js":{"path":"C:\\Users\\Corey\\Desktop\\PRJ666\\Repo\\Temp\\mobile-app-backend\\routes\\groupMarks\\groupMarks.js","s":{"1":1,"2":1,"3":1,"4":1,"5":1,"6":0,"7":0,"8":0,"9":1,"10":0,"11":0,"12":0,"13":0,"14":1,"15":0,"16":0,"17":0,"18":0,"19":0,"20":1,"21":0,"22":0,"23":0,"24":0,"25":1,"26":0,"27":0,"28":0,"29":1},"b":{},"f":{},"fnMap":{},"statementMap":{"1":{"start":{"line":1,"column":0},"end":{"line":1,"column":35}},"2":{"start":{"line":2,"column":0},"end":{"line":2,"column":32}},"3":{"start":{"line":3,"column":0},"end":{"line":3,"column":50}},"4":{"start":{"line":4,"column":0},"end":{"line":4,"column":27}},"5":{"start":{"line":17,"column":0},"end":{"line":23,"column":3}},"6":{"start":{"line":18,"column":2},"end":{"line":22,"column":4}},"7":{"start":{"line":19,"column":4},"end":{"line":19,"column":19}},"8":{"start":{"line":21,"column":4},"end":{"line":21,"column":32}},"9":{"start":{"line":26,"column":0},"end":{"line":35,"column":3}},"10":{"start":{"line":27,"column":2},"end":{"line":34,"column":7}},"11":{"start":{"line":29,"column":6},"end":{"line":29,"column":36}},"12":{"start":{"line":30,"column":6},"end":{"line":30,"column":33}},"13":{"start":{"line":33,"column":6},"end":{"line":33,"column":32}},"14":{"start":{"line":38,"column":0},"end":{"line":48,"column":3}},"15":{"start":{"line":39,"column":2},"end":{"line":47,"column":7}},"16":{"start":{"line":41,"column":6},"end":{"line":41,"column":48}},"17":{"start":{"line":42,"column":6},"end":{"line":42,"column":33}},"18":{"start":{"line":45,"column":6},"end":{"line":45,"column":37}},"19":{"start":{"line":46,"column":6},"end":{"line":46,"column":46}},"20":{"start":{"line":51,"column":0},"end":{"line":60,"column":3}},"21":{"start":{"line":52,"column":2},"end":{"line":59,"column":7}},"22":{"start":{"line":54,"column":6},"end":{"line":54,"column":33}},"23":{"start":{"line":57,"column":6},"end":{"line":57,"column":35}},"24":{"start":{"line":58,"column":6},"end":{"line":58,"column":43}},"25":{"start":{"line":63,"column":0},"end":{"line":71,"column":3}},"26":{"start":{"line":64,"column":2},"end":{"line":70,"column":7}},"27":{"start":{"line":66,"column":6},"end":{"line":66,"column":33}},"28":{"start":{"line":69,"column":6},"end":{"line":69,"column":43}},"29":{"start":{"line":73,"column":0},"end":{"line":73,"column":24}}},"branchMap":{}},"C:\\Users\\Corey\\Desktop\\PRJ666\\Repo\\Temp\\mobile-app-backend\\models\\groupMarks.js":{"path":"C:\\Users\\Corey\\Desktop\\PRJ666\\Repo\\Temp\\mobile-app-backend\\models\\groupMarks.js","s":{"1":1,"2":1,"3":1,"4":1,"5":1,"6":1},"b":{},"f":{},"fnMap":{},"statementMap":{"1":{"start":{"line":1,"column":0},"end":{"line":1,"column":37}},"2":{"start":{"line":2,"column":0},"end":{"line":2,"column":31}},"3":{"start":{"line":3,"column":0},"end":{"line":3,"column":48}},"4":{"start":{"line":6,"column":0},"end":{"line":11,"column":3}},"5":{"start":{"line":14,"column":0},"end":{"line":14,"column":64}},"6":{"start":{"line":15,"column":0},"end":{"line":15,"column":27}}},"branchMap":{}},"C:\\Users\\Corey\\Desktop\\PRJ666\\Repo\\Temp\\mobile-app-backend\\models\\groupMarkSubDocs\\mark.js":{"path":"C:\\Users\\Corey\\Desktop\\PRJ666\\Repo\\Temp\\mobile-app-backend\\models\\groupMarkSubDocs\\mark.js","s":{"1":1,"2":1,"3":1,"4":1,"5":1,"6":1,"7":0,"8":1},"b":{},"f":{"1":0},"fnMap":{"1":{"name":"checkCoordinates","line":42,"loc":{"start":{"line":42,"column":0},"end":{"line":42,"column":33}}}},"statementMap":{"1":{"start":{"line":1,"column":0},"end":{"line":1,"column":37}},"2":{"start":{"line":2,"column":0},"end":{"line":2,"column":31}},"3":{"start":{"line":3,"column":0},"end":{"line":3,"column":39}},"4":{"start":{"line":6,"column":0},"end":{"line":17,"column":3}},"5":{"start":{"line":20,"column":0},"end":{"line":40,"column":3}},"6":{"start":{"line":42,"column":0},"end":{"line":44,"column":1}},"7":{"start":{"line":43,"column":2},"end":{"line":43,"column":27}},"8":{"start":{"line":47,"column":0},"end":{"line":47,"column":28}}},"branchMap":{}},"C:\\Users\\Corey\\Desktop\\PRJ666\\Repo\\Temp\\mobile-app-backend\\models\\groupMarkSubDocs\\location.js":{"path":"C:\\Users\\Corey\\Desktop\\PRJ666\\Repo\\Temp\\mobile-app-backend\\models\\groupMarkSubDocs\\location.js","s":{"1":1,"2":1,"3":1,"4":1,"5":1,"6":1},"b":{},"f":{},"fnMap":{},"statementMap":{"1":{"start":{"line":1,"column":0},"end":{"line":1,"column":37}},"2":{"start":{"line":2,"column":0},"end":{"line":2,"column":31}},"3":{"start":{"line":3,"column":0},"end":{"line":3,"column":49}},"4":{"start":{"line":4,"column":0},"end":{"line":4,"column":35}},"5":{"start":{"line":7,"column":0},"end":{"line":25,"column":3}},"6":{"start":{"line":28,"column":0},"end":{"line":28,"column":32}}},"branchMap":{}},"C:\\Users\\Corey\\Desktop\\PRJ666\\Repo\\Temp\\mobile-app-backend\\models\\groupMarkSubDocs\\locationImage.js":{"path":"C:\\Users\\Corey\\Desktop\\PRJ666\\Repo\\Temp\\mobile-app-backend\\models\\groupMarkSubDocs\\locationImage.js","s":{"1":1,"2":1,"3":1,"4":1},"b":{},"f":{},"fnMap":{},"statementMap":{"1":{"start":{"line":1,"column":0},"end":{"line":1,"column":37}},"2":{"start":{"line":2,"column":0},"end":{"line":2,"column":31}},"3":{"start":{"line":5,"column":0},"end":{"line":16,"column":3}},"4":{"start":{"line":19,"column":0},"end":{"line":19,"column":37}}},"branchMap":{}},"C:\\Users\\Corey\\Desktop\\PRJ666\\Repo\\Temp\\mobile-app-backend\\models\\groupMarkSubDocs\\review.js":{"path":"C:\\Users\\Corey\\Desktop\\PRJ666\\Repo\\Temp\\mobile-app-backend\\models\\groupMarkSubDocs\\review.js","s":{"1":1,"2":1,"3":1,"4":1},"b":{},"f":{},"fnMap":{},"statementMap":{"1":{"start":{"line":1,"column":0},"end":{"line":1,"column":37}},"2":{"start":{"line":2,"column":0},"end":{"line":2,"column":31}},"3":{"start":{"line":5,"column":0},"end":{"line":16,"column":3}},"4":{"start":{"line":19,"column":0},"end":{"line":19,"column":30}}},"branchMap":{}},"C:\\Users\\Corey\\Desktop\\PRJ666\\Repo\\Temp\\mobile-app-backend\\routes\\groupRoles\\groupRoles.js":{"path":"C:\\Users\\Corey\\Desktop\\PRJ666\\Repo\\Temp\\mobile-app-backend\\routes\\groupRoles\\groupRoles.js","s":{"1":1,"2":1,"3":1,"4":1,"5":1,"6":0,"7":0,"8":0,"9":1,"10":0,"11":0,"12":0,"13":0,"14":1,"15":0,"16":0,"17":0,"18":0,"19":1,"20":0,"21":0,"22":0,"23":0,"24":1,"25":0,"26":0,"27":0,"28":1},"b":{},"f":{},"fnMap":{},"statementMap":{"1":{"start":{"line":1,"column":0},"end":{"line":1,"column":35}},"2":{"start":{"line":2,"column":0},"end":{"line":2,"column":32}},"3":{"start":{"line":3,"column":0},"end":{"line":3,"column":52}},"4":{"start":{"line":4,"column":0},"end":{"line":4,"column":27}},"5":{"start":{"line":7,"column":0},"end":{"line":13,"column":3}},"6":{"start":{"line":8,"column":4},"end":{"line":12,"column":6}},"7":{"start":{"line":9,"column":8},"end":{"line":9,"column":23}},"8":{"start":{"line":11,"column":8},"end":{"line":11,"column":36}},"9":{"start":{"line":16,"column":0},"end":{"line":23,"column":3}},"10":{"start":{"line":17,"column":4},"end":{"line":22,"column":6}},"11":{"start":{"line":18,"column":8},"end":{"line":18,"column":35}},"12":{"start":{"line":20,"column":8},"end":{"line":20,"column":25}},"13":{"start":{"line":21,"column":8},"end":{"line":21,"column":46}},"14":{"start":{"line":26,"column":0},"end":{"line":33,"column":3}},"15":{"start":{"line":27,"column":4},"end":{"line":32,"column":6}},"16":{"start":{"line":28,"column":8},"end":{"line":28,"column":34}},"17":{"start":{"line":30,"column":8},"end":{"line":30,"column":25}},"18":{"start":{"line":31,"column":8},"end":{"line":31,"column":46}},"19":{"start":{"line":36,"column":0},"end":{"line":43,"column":3}},"20":{"start":{"line":37,"column":4},"end":{"line":42,"column":6}},"21":{"start":{"line":38,"column":8},"end":{"line":38,"column":34}},"22":{"start":{"line":40,"column":8},"end":{"line":40,"column":25}},"23":{"start":{"line":41,"column":8},"end":{"line":41,"column":46}},"24":{"start":{"line":46,"column":0},"end":{"line":52,"column":3}},"25":{"start":{"line":47,"column":4},"end":{"line":51,"column":6}},"26":{"start":{"line":48,"column":8},"end":{"line":48,"column":34}},"27":{"start":{"line":50,"column":8},"end":{"line":50,"column":46}},"28":{"start":{"line":54,"column":0},"end":{"line":54,"column":24}}},"branchMap":{}},"C:\\Users\\Corey\\Desktop\\PRJ666\\Repo\\Temp\\mobile-app-backend\\models\\groupRoles.js":{"path":"C:\\Users\\Corey\\Desktop\\PRJ666\\Repo\\Temp\\mobile-app-backend\\models\\groupRoles.js","s":{"1":1,"2":1,"3":1,"4":1,"5":1},"b":{},"f":{},"fnMap":{},"statementMap":{"1":{"start":{"line":1,"column":0},"end":{"line":1,"column":37}},"2":{"start":{"line":2,"column":0},"end":{"line":2,"column":31}},"3":{"start":{"line":5,"column":0},"end":{"line":10,"column":2}},"4":{"start":{"line":12,"column":0},"end":{"line":12,"column":66}},"5":{"start":{"line":13,"column":0},"end":{"line":13,"column":28}}},"branchMap":{}},"C:\\Users\\Corey\\Desktop\\PRJ666\\Repo\\Temp\\mobile-app-backend\\routes\\groups\\groups.js":{"path":"C:\\Users\\Corey\\Desktop\\PRJ666\\Repo\\Temp\\mobile-app-backend\\routes\\groups\\groups.js","s":{"1":1,"2":1,"3":1,"4":1,"5":1,"6":0,"7":0,"8":0,"9":1,"10":0,"11":0,"12":0,"13":1,"14":0,"15":0,"16":0,"17":1,"18":0,"19":0,"20":0,"21":0,"22":1,"23":0,"24":0,"25":0,"26":0,"27":1,"28":0,"29":0,"30":0,"31":1,"32":0,"33":0,"34":0,"35":0,"36":1,"37":0,"38":0,"39":0,"40":0,"41":1,"42":0,"43":0,"44":0,"45":0,"46":1,"47":0,"48":0,"49":0,"50":0,"51":1,"52":0,"53":0,"54":0,"55":1,"56":0,"57":0,"58":0,"59":1,"60":0,"61":0,"62":0,"63":1,"64":0,"65":0,"66":0,"67":1,"68":0,"69":0,"70":0,"71":1,"72":0,"73":0,"74":0,"75":0,"76":1,"77":0,"78":0,"79":0,"80":1},"b":{},"f":{},"fnMap":{},"statementMap":{"1":{"start":{"line":1,"column":0},"end":{"line":1,"column":35}},"2":{"start":{"line":2,"column":0},"end":{"line":2,"column":32}},"3":{"start":{"line":3,"column":0},"end":{"line":3,"column":47}},"4":{"start":{"line":4,"column":0},"end":{"line":4,"column":27}},"5":{"start":{"line":7,"column":0},"end":{"line":13,"column":3}},"6":{"start":{"line":8,"column":4},"end":{"line":12,"column":6}},"7":{"start":{"line":9,"column":8},"end":{"line":9,"column":23}},"8":{"start":{"line":11,"column":8},"end":{"line":11,"column":34}},"9":{"start":{"line":16,"column":0},"end":{"line":22,"column":3}},"10":{"start":{"line":17,"column":4},"end":{"line":21,"column":6}},"11":{"start":{"line":18,"column":8},"end":{"line":18,"column":35}},"12":{"start":{"line":20,"column":8},"end":{"line":20,"column":46}},"13":{"start":{"line":25,"column":0},"end":{"line":31,"column":3}},"14":{"start":{"line":26,"column":4},"end":{"line":30,"column":6}},"15":{"start":{"line":27,"column":8},"end":{"line":27,"column":34}},"16":{"start":{"line":29,"column":8},"end":{"line":29,"column":46}},"17":{"start":{"line":34,"column":0},"end":{"line":42,"column":3}},"18":{"start":{"line":35,"column":4},"end":{"line":40,"column":6}},"19":{"start":{"line":36,"column":8},"end":{"line":36,"column":34}},"20":{"start":{"line":38,"column":8},"end":{"line":38,"column":25}},"21":{"start":{"line":39,"column":8},"end":{"line":39,"column":46}},"22":{"start":{"line":45,"column":0},"end":{"line":53,"column":3}},"23":{"start":{"line":46,"column":4},"end":{"line":51,"column":6}},"24":{"start":{"line":47,"column":8},"end":{"line":47,"column":34}},"25":{"start":{"line":49,"column":8},"end":{"line":49,"column":25}},"26":{"start":{"line":50,"column":8},"end":{"line":50,"column":46}},"27":{"start":{"line":56,"column":0},"end":{"line":62,"column":3}},"28":{"start":{"line":57,"column":4},"end":{"line":61,"column":6}},"29":{"start":{"line":58,"column":8},"end":{"line":58,"column":34}},"30":{"start":{"line":60,"column":8},"end":{"line":60,"column":46}},"31":{"start":{"line":65,"column":0},"end":{"line":72,"column":3}},"32":{"start":{"line":66,"column":4},"end":{"line":71,"column":6}},"33":{"start":{"line":67,"column":8},"end":{"line":67,"column":34}},"34":{"start":{"line":69,"column":8},"end":{"line":69,"column":25}},"35":{"start":{"line":70,"column":8},"end":{"line":70,"column":46}},"36":{"start":{"line":75,"column":0},"end":{"line":82,"column":3}},"37":{"start":{"line":76,"column":4},"end":{"line":81,"column":6}},"38":{"start":{"line":77,"column":8},"end":{"line":77,"column":34}},"39":{"start":{"line":79,"column":8},"end":{"line":79,"column":25}},"40":{"start":{"line":80,"column":8},"end":{"line":80,"column":46}},"41":{"start":{"line":85,"column":0},"end":{"line":92,"column":3}},"42":{"start":{"line":86,"column":4},"end":{"line":91,"column":6}},"43":{"start":{"line":87,"column":8},"end":{"line":87,"column":34}},"44":{"start":{"line":89,"column":8},"end":{"line":89,"column":25}},"45":{"start":{"line":90,"column":8},"end":{"line":90,"column":46}},"46":{"start":{"line":95,"column":0},"end":{"line":102,"column":3}},"47":{"start":{"line":96,"column":4},"end":{"line":101,"column":6}},"48":{"start":{"line":97,"column":8},"end":{"line":97,"column":34}},"49":{"start":{"line":99,"column":8},"end":{"line":99,"column":25}},"50":{"start":{"line":100,"column":8},"end":{"line":100,"column":46}},"51":{"start":{"line":105,"column":0},"end":{"line":111,"column":3}},"52":{"start":{"line":106,"column":4},"end":{"line":110,"column":6}},"53":{"start":{"line":107,"column":8},"end":{"line":107,"column":34}},"54":{"start":{"line":109,"column":8},"end":{"line":109,"column":46}},"55":{"start":{"line":114,"column":0},"end":{"line":120,"column":3}},"56":{"start":{"line":115,"column":4},"end":{"line":119,"column":6}},"57":{"start":{"line":116,"column":8},"end":{"line":116,"column":34}},"58":{"start":{"line":118,"column":8},"end":{"line":118,"column":46}},"59":{"start":{"line":123,"column":0},"end":{"line":129,"column":3}},"60":{"start":{"line":124,"column":4},"end":{"line":128,"column":6}},"61":{"start":{"line":125,"column":8},"end":{"line":125,"column":34}},"62":{"start":{"line":127,"column":8},"end":{"line":127,"column":46}},"63":{"start":{"line":133,"column":0},"end":{"line":139,"column":3}},"64":{"start":{"line":134,"column":4},"end":{"line":138,"column":6}},"65":{"start":{"line":135,"column":8},"end":{"line":135,"column":34}},"66":{"start":{"line":137,"column":8},"end":{"line":137,"column":46}},"67":{"start":{"line":142,"column":0},"end":{"line":148,"column":3}},"68":{"start":{"line":143,"column":4},"end":{"line":147,"column":6}},"69":{"start":{"line":144,"column":8},"end":{"line":144,"column":34}},"70":{"start":{"line":146,"column":8},"end":{"line":146,"column":46}},"71":{"start":{"line":151,"column":0},"end":{"line":158,"column":3}},"72":{"start":{"line":152,"column":4},"end":{"line":157,"column":6}},"73":{"start":{"line":153,"column":8},"end":{"line":153,"column":34}},"74":{"start":{"line":155,"column":8},"end":{"line":155,"column":25}},"75":{"start":{"line":156,"column":8},"end":{"line":156,"column":46}},"76":{"start":{"line":160,"column":0},"end":{"line":166,"column":3}},"77":{"start":{"line":161,"column":4},"end":{"line":165,"column":6}},"78":{"start":{"line":162,"column":8},"end":{"line":162,"column":34}},"79":{"start":{"line":164,"column":8},"end":{"line":164,"column":46}},"80":{"start":{"line":168,"column":0},"end":{"line":168,"column":24}}},"branchMap":{}},"C:\\Users\\Corey\\Desktop\\PRJ666\\Repo\\Temp\\mobile-app-backend\\routes\\groups\\groupsService.js":{"path":"C:\\Users\\Corey\\Desktop\\PRJ666\\Repo\\Temp\\mobile-app-backend\\routes\\groups\\groupsService.js","s":{"1":1,"2":1,"3":1,"4":1,"5":1,"6":1,"7":1,"8":1,"9":1,"10":1,"11":0,"12":0,"13":0,"14":0,"15":0,"16":0,"17":0,"18":0,"19":0,"20":0,"21":0,"22":0,"23":0,"24":0,"25":0,"26":0,"27":0,"28":0,"29":0,"30":0,"31":0,"32":0,"33":0,"34":0,"35":0,"36":0,"37":0,"38":0,"39":0,"40":0,"41":0,"42":0,"43":0,"44":0,"45":0,"46":0,"47":0,"48":0,"49":0,"50":0,"51":0,"52":0,"53":0,"54":0,"55":0,"56":0,"57":0,"58":0,"59":0,"60":0,"61":0,"62":0,"63":0,"64":0,"65":0,"66":0,"67":0,"68":0,"69":0,"70":0,"71":0,"72":0,"73":0,"74":0,"75":0,"76":0,"77":0,"78":0,"79":0,"80":0,"81":0,"82":0,"83":0,"84":0,"85":0,"86":0,"87":0,"88":0,"89":0,"90":0,"91":0,"92":0,"93":0,"94":0,"95":0,"96":0,"97":0,"98":0,"99":0,"100":0,"101":0,"102":0,"103":0,"104":0,"105":0,"106":0,"107":0,"108":0,"109":0,"110":0,"111":0,"112":0,"113":0,"114":0,"115":0,"116":0,"117":0,"118":0,"119":0,"120":0,"121":0,"122":0,"123":0,"124":0,"125":0,"126":0,"127":0,"128":0,"129":0,"130":0,"131":0,"132":0,"133":0,"134":0,"135":0,"136":0,"137":0,"138":0,"139":0,"140":0,"141":0,"142":0,"143":0,"144":0,"145":0,"146":0,"147":0,"148":0,"149":0,"150":0,"151":0,"152":0,"153":0,"154":0,"155":0,"156":0,"157":0,"158":0,"159":0,"160":0,"161":0,"162":0,"163":0,"164":0,"165":0,"166":0,"167":0,"168":0,"169":0,"170":0,"171":0,"172":0,"173":0,"174":0,"175":0,"176":0,"177":0,"178":0,"179":0,"180":0,"181":0,"182":0,"183":0,"184":0,"185":0,"186":0,"187":0,"188":0,"189":0,"190":0,"191":0,"192":0,"193":0,"194":0,"195":0,"196":0,"197":0,"198":0,"199":0,"200":0,"201":0,"202":0,"203":0,"204":0,"205":0,"206":0,"207":0,"208":0,"209":0,"210":0,"211":0,"212":0,"213":0,"214":0,"215":0,"216":0,"217":0,"218":0,"219":0,"220":0,"221":0,"222":0,"223":0,"224":0,"225":0,"226":0,"227":0,"228":0,"229":0,"230":0,"231":0,"232":0,"233":0,"234":0,"235":0,"236":0,"237":0,"238":0,"239":0,"240":0,"241":0,"242":0,"243":0,"244":0},"b":{"1":[0,0],"2":[0,0],"3":[0,0],"4":[0,0],"5":[0,0],"6":[0,0],"7":[0,0],"8":[0,0],"9":[0,0],"10":[0,0],"11":[0,0],"12":[0,0],"13":[0,0],"14":[0,0],"15":[0,0],"16":[0,0],"17":[0,0],"18":[0,0],"19":[0,0],"20":[0,0],"21":[0,0],"22":[0,0]},"f":{"1":0,"2":0,"3":0,"4":0},"fnMap":{"1":{"name":"(anonymous_1)","line":409,"loc":{"start":{"line":409,"column":72},"end":{"line":409,"column":93}}},"2":{"name":"(anonymous_2)","line":428,"loc":{"start":{"line":428,"column":73},"end":{"line":428,"column":94}}},"3":{"name":"(anonymous_3)","line":449,"loc":{"start":{"line":449,"column":74},"end":{"line":449,"column":95}}},"4":{"name":"(anonymous_4)","line":468,"loc":{"start":{"line":468,"column":73},"end":{"line":468,"column":94}}}},"statementMap":{"1":{"start":{"line":1,"column":0},"end":{"line":1,"column":37}},"2":{"start":{"line":2,"column":0},"end":{"line":2,"column":44}},"3":{"start":{"line":3,"column":0},"end":{"line":3,"column":42}},"4":{"start":{"line":4,"column":0},"end":{"line":4,"column":56}},"5":{"start":{"line":5,"column":0},"end":{"line":5,"column":53}},"6":{"start":{"line":6,"column":0},"end":{"line":6,"column":52}},"7":{"start":{"line":7,"column":0},"end":{"line":7,"column":54}},"8":{"start":{"line":8,"column":0},"end":{"line":8,"column":53}},"9":{"start":{"line":10,"column":0},"end":{"line":494,"column":1}},"10":{"start":{"line":11,"column":4},"end":{"line":493,"column":5}},"11":{"start":{"line":13,"column":12},"end":{"line":18,"column":15}},"12":{"start":{"line":14,"column":16},"end":{"line":17,"column":47}},"13":{"start":{"line":16,"column":34},"end":{"line":16,"column":47}},"14":{"start":{"line":17,"column":34},"end":{"line":17,"column":45}},"15":{"start":{"line":22,"column":12},"end":{"line":26,"column":14}},"16":{"start":{"line":23,"column":16},"end":{"line":25,"column":46}},"17":{"start":{"line":24,"column":34},"end":{"line":24,"column":47}},"18":{"start":{"line":25,"column":34},"end":{"line":25,"column":45}},"19":{"start":{"line":30,"column":12},"end":{"line":87,"column":15}},"20":{"start":{"line":31,"column":16},"end":{"line":34,"column":17}},"21":{"start":{"line":32,"column":20},"end":{"line":32,"column":48}},"22":{"start":{"line":33,"column":20},"end":{"line":33,"column":27}},"23":{"start":{"line":36,"column":16},"end":{"line":86,"column":49}},"24":{"start":{"line":38,"column":24},"end":{"line":41,"column":25}},"25":{"start":{"line":39,"column":28},"end":{"line":39,"column":57}},"26":{"start":{"line":40,"column":28},"end":{"line":40,"column":35}},"27":{"start":{"line":43,"column":24},"end":{"line":45,"column":27}},"28":{"start":{"line":47,"column":24},"end":{"line":85,"column":53}},"29":{"start":{"line":52,"column":28},"end":{"line":52,"column":65}},"30":{"start":{"line":53,"column":28},"end":{"line":53,"column":62}},"31":{"start":{"line":56,"column":28},"end":{"line":59,"column":31}},"32":{"start":{"line":60,"column":28},"end":{"line":60,"column":49}},"33":{"start":{"line":61,"column":28},"end":{"line":61,"column":68}},"34":{"start":{"line":63,"column":28},"end":{"line":66,"column":31}},"35":{"start":{"line":67,"column":28},"end":{"line":67,"column":71}},"36":{"start":{"line":68,"column":28},"end":{"line":68,"column":50}},"37":{"start":{"line":70,"column":28},"end":{"line":73,"column":31}},"38":{"start":{"line":74,"column":28},"end":{"line":74,"column":69}},"39":{"start":{"line":75,"column":28},"end":{"line":75,"column":49}},"40":{"start":{"line":77,"column":28},"end":{"line":83,"column":61}},"41":{"start":{"line":79,"column":36},"end":{"line":82,"column":43}},"42":{"start":{"line":81,"column":44},"end":{"line":81,"column":58}},"43":{"start":{"line":83,"column":48},"end":{"line":83,"column":59}},"44":{"start":{"line":85,"column":40},"end":{"line":85,"column":51}},"45":{"start":{"line":86,"column":36},"end":{"line":86,"column":47}},"46":{"start":{"line":91,"column":12},"end":{"line":107,"column":15}},"47":{"start":{"line":92,"column":16},"end":{"line":92,"column":44}},"48":{"start":{"line":94,"column":16},"end":{"line":106,"column":49}},"49":{"start":{"line":96,"column":24},"end":{"line":99,"column":25}},"50":{"start":{"line":97,"column":28},"end":{"line":97,"column":58}},"51":{"start":{"line":98,"column":28},"end":{"line":98,"column":35}},"52":{"start":{"line":101,"column":24},"end":{"line":101,"column":90}},"53":{"start":{"line":103,"column":24},"end":{"line":105,"column":54}},"54":{"start":{"line":104,"column":44},"end":{"line":104,"column":73}},"55":{"start":{"line":105,"column":42},"end":{"line":105,"column":53}},"56":{"start":{"line":106,"column":36},"end":{"line":106,"column":47}},"57":{"start":{"line":111,"column":12},"end":{"line":144,"column":15}},"58":{"start":{"line":112,"column":16},"end":{"line":112,"column":60}},"59":{"start":{"line":114,"column":16},"end":{"line":143,"column":49}},"60":{"start":{"line":116,"column":24},"end":{"line":119,"column":25}},"61":{"start":{"line":117,"column":28},"end":{"line":117,"column":58}},"62":{"start":{"line":118,"column":28},"end":{"line":118,"column":35}},"63":{"start":{"line":120,"column":24},"end":{"line":142,"column":57}},"64":{"start":{"line":122,"column":32},"end":{"line":125,"column":33}},"65":{"start":{"line":123,"column":36},"end":{"line":123,"column":65}},"66":{"start":{"line":124,"column":36},"end":{"line":124,"column":43}},"67":{"start":{"line":126,"column":32},"end":{"line":141,"column":61}},"68":{"start":{"line":131,"column":36},"end":{"line":131,"column":73}},"69":{"start":{"line":132,"column":36},"end":{"line":132,"column":70}},"70":{"start":{"line":134,"column":36},"end":{"line":140,"column":43}},"71":{"start":{"line":136,"column":44},"end":{"line":139,"column":51}},"72":{"start":{"line":138,"column":52},"end":{"line":138,"column":65}},"73":{"start":{"line":141,"column":48},"end":{"line":141,"column":59}},"74":{"start":{"line":142,"column":44},"end":{"line":142,"column":55}},"75":{"start":{"line":143,"column":36},"end":{"line":143,"column":47}},"76":{"start":{"line":148,"column":12},"end":{"line":175,"column":15}},"77":{"start":{"line":150,"column":16},"end":{"line":174,"column":49}},"78":{"start":{"line":152,"column":24},"end":{"line":155,"column":25}},"79":{"start":{"line":153,"column":28},"end":{"line":153,"column":58}},"80":{"start":{"line":154,"column":28},"end":{"line":154,"column":35}},"81":{"start":{"line":156,"column":24},"end":{"line":173,"column":57}},"82":{"start":{"line":158,"column":32},"end":{"line":161,"column":33}},"83":{"start":{"line":159,"column":36},"end":{"line":159,"column":65}},"84":{"start":{"line":160,"column":36},"end":{"line":160,"column":43}},"85":{"start":{"line":162,"column":32},"end":{"line":162,"column":67}},"86":{"start":{"line":163,"column":32},"end":{"line":163,"column":70}},"87":{"start":{"line":164,"column":32},"end":{"line":168,"column":39}},"88":{"start":{"line":166,"column":40},"end":{"line":167,"column":63}},"89":{"start":{"line":170,"column":32},"end":{"line":172,"column":63}},"90":{"start":{"line":171,"column":52},"end":{"line":171,"column":66}},"91":{"start":{"line":172,"column":50},"end":{"line":172,"column":61}},"92":{"start":{"line":173,"column":44},"end":{"line":173,"column":55}},"93":{"start":{"line":174,"column":36},"end":{"line":174,"column":47}},"94":{"start":{"line":179,"column":12},"end":{"line":200,"column":15}},"95":{"start":{"line":181,"column":16},"end":{"line":199,"column":49}},"96":{"start":{"line":183,"column":24},"end":{"line":186,"column":25}},"97":{"start":{"line":184,"column":28},"end":{"line":184,"column":58}},"98":{"start":{"line":185,"column":28},"end":{"line":185,"column":35}},"99":{"start":{"line":187,"column":24},"end":{"line":198,"column":57}},"100":{"start":{"line":189,"column":32},"end":{"line":189,"column":72}},"101":{"start":{"line":190,"column":32},"end":{"line":197,"column":63}},"102":{"start":{"line":192,"column":40},"end":{"line":195,"column":42}},"103":{"start":{"line":197,"column":50},"end":{"line":197,"column":61}},"104":{"start":{"line":198,"column":44},"end":{"line":198,"column":55}},"105":{"start":{"line":199,"column":36},"end":{"line":199,"column":47}},"106":{"start":{"line":204,"column":12},"end":{"line":224,"column":15}},"107":{"start":{"line":206,"column":16},"end":{"line":223,"column":49}},"108":{"start":{"line":208,"column":24},"end":{"line":211,"column":25}},"109":{"start":{"line":209,"column":28},"end":{"line":209,"column":58}},"110":{"start":{"line":210,"column":28},"end":{"line":210,"column":35}},"111":{"start":{"line":212,"column":24},"end":{"line":222,"column":57}},"112":{"start":{"line":214,"column":32},"end":{"line":214,"column":72}},"113":{"start":{"line":215,"column":32},"end":{"line":221,"column":65}},"114":{"start":{"line":217,"column":40},"end":{"line":220,"column":42}},"115":{"start":{"line":221,"column":52},"end":{"line":221,"column":63}},"116":{"start":{"line":222,"column":44},"end":{"line":222,"column":55}},"117":{"start":{"line":223,"column":36},"end":{"line":223,"column":47}},"118":{"start":{"line":228,"column":12},"end":{"line":249,"column":15}},"119":{"start":{"line":230,"column":16},"end":{"line":248,"column":49}},"120":{"start":{"line":232,"column":24},"end":{"line":235,"column":25}},"121":{"start":{"line":233,"column":28},"end":{"line":233,"column":58}},"122":{"start":{"line":234,"column":28},"end":{"line":234,"column":35}},"123":{"start":{"line":236,"column":24},"end":{"line":247,"column":57}},"124":{"start":{"line":238,"column":32},"end":{"line":238,"column":74}},"125":{"start":{"line":239,"column":32},"end":{"line":246,"column":63}},"126":{"start":{"line":241,"column":40},"end":{"line":244,"column":42}},"127":{"start":{"line":246,"column":50},"end":{"line":246,"column":61}},"128":{"start":{"line":247,"column":44},"end":{"line":247,"column":55}},"129":{"start":{"line":248,"column":36},"end":{"line":248,"column":47}},"130":{"start":{"line":253,"column":12},"end":{"line":273,"column":15}},"131":{"start":{"line":254,"column":16},"end":{"line":254,"column":49}},"132":{"start":{"line":255,"column":16},"end":{"line":272,"column":49}},"133":{"start":{"line":257,"column":24},"end":{"line":260,"column":25}},"134":{"start":{"line":258,"column":28},"end":{"line":258,"column":58}},"135":{"start":{"line":259,"column":28},"end":{"line":259,"column":35}},"136":{"start":{"line":262,"column":24},"end":{"line":270,"column":95}},"137":{"start":{"line":266,"column":28},"end":{"line":269,"column":90}},"138":{"start":{"line":268,"column":36},"end":{"line":268,"column":49}},"139":{"start":{"line":269,"column":48},"end":{"line":269,"column":88}},"140":{"start":{"line":270,"column":40},"end":{"line":270,"column":93}},"141":{"start":{"line":272,"column":36},"end":{"line":272,"column":47}},"142":{"start":{"line":277,"column":12},"end":{"line":296,"column":15}},"143":{"start":{"line":279,"column":16},"end":{"line":295,"column":49}},"144":{"start":{"line":281,"column":24},"end":{"line":284,"column":25}},"145":{"start":{"line":282,"column":28},"end":{"line":282,"column":58}},"146":{"start":{"line":283,"column":28},"end":{"line":283,"column":35}},"147":{"start":{"line":286,"column":24},"end":{"line":294,"column":98}},"148":{"start":{"line":290,"column":28},"end":{"line":293,"column":90}},"149":{"start":{"line":292,"column":36},"end":{"line":292,"column":49}},"150":{"start":{"line":293,"column":48},"end":{"line":293,"column":88}},"151":{"start":{"line":294,"column":40},"end":{"line":294,"column":96}},"152":{"start":{"line":295,"column":36},"end":{"line":295,"column":47}},"153":{"start":{"line":300,"column":12},"end":{"line":315,"column":15}},"154":{"start":{"line":301,"column":16},"end":{"line":314,"column":49}},"155":{"start":{"line":303,"column":24},"end":{"line":306,"column":25}},"156":{"start":{"line":304,"column":28},"end":{"line":304,"column":58}},"157":{"start":{"line":305,"column":28},"end":{"line":305,"column":35}},"158":{"start":{"line":308,"column":24},"end":{"line":308,"column":72}},"159":{"start":{"line":310,"column":24},"end":{"line":312,"column":55}},"160":{"start":{"line":311,"column":44},"end":{"line":311,"column":58}},"161":{"start":{"line":312,"column":42},"end":{"line":312,"column":53}},"162":{"start":{"line":314,"column":36},"end":{"line":314,"column":47}},"163":{"start":{"line":319,"column":12},"end":{"line":333,"column":15}},"164":{"start":{"line":320,"column":16},"end":{"line":332,"column":61}},"165":{"start":{"line":322,"column":24},"end":{"line":325,"column":25}},"166":{"start":{"line":323,"column":28},"end":{"line":323,"column":58}},"167":{"start":{"line":324,"column":28},"end":{"line":324,"column":35}},"168":{"start":{"line":327,"column":24},"end":{"line":327,"column":76}},"169":{"start":{"line":329,"column":24},"end":{"line":331,"column":55}},"170":{"start":{"line":330,"column":44},"end":{"line":330,"column":58}},"171":{"start":{"line":331,"column":42},"end":{"line":331,"column":53}},"172":{"start":{"line":332,"column":36},"end":{"line":332,"column":59}},"173":{"start":{"line":337,"column":12},"end":{"line":354,"column":15}},"174":{"start":{"line":338,"column":16},"end":{"line":353,"column":49}},"175":{"start":{"line":340,"column":24},"end":{"line":343,"column":25}},"176":{"start":{"line":341,"column":28},"end":{"line":341,"column":58}},"177":{"start":{"line":342,"column":28},"end":{"line":342,"column":35}},"178":{"start":{"line":344,"column":24},"end":{"line":352,"column":57}},"179":{"start":{"line":346,"column":32},"end":{"line":346,"column":71}},"180":{"start":{"line":347,"column":32},"end":{"line":351,"column":63}},"181":{"start":{"line":349,"column":40},"end":{"line":349,"column":54}},"182":{"start":{"line":351,"column":50},"end":{"line":351,"column":61}},"183":{"start":{"line":352,"column":44},"end":{"line":352,"column":55}},"184":{"start":{"line":353,"column":36},"end":{"line":353,"column":47}},"185":{"start":{"line":358,"column":12},"end":{"line":375,"column":15}},"186":{"start":{"line":359,"column":16},"end":{"line":374,"column":49}},"187":{"start":{"line":361,"column":24},"end":{"line":364,"column":25}},"188":{"start":{"line":362,"column":28},"end":{"line":362,"column":58}},"189":{"start":{"line":363,"column":28},"end":{"line":363,"column":35}},"190":{"start":{"line":365,"column":24},"end":{"line":373,"column":57}},"191":{"start":{"line":367,"column":32},"end":{"line":367,"column":74}},"192":{"start":{"line":368,"column":32},"end":{"line":372,"column":63}},"193":{"start":{"line":370,"column":40},"end":{"line":370,"column":55}},"194":{"start":{"line":372,"column":50},"end":{"line":372,"column":61}},"195":{"start":{"line":373,"column":44},"end":{"line":373,"column":55}},"196":{"start":{"line":374,"column":36},"end":{"line":374,"column":47}},"197":{"start":{"line":379,"column":12},"end":{"line":396,"column":15}},"198":{"start":{"line":381,"column":16},"end":{"line":395,"column":49}},"199":{"start":{"line":383,"column":24},"end":{"line":386,"column":25}},"200":{"start":{"line":384,"column":28},"end":{"line":384,"column":58}},"201":{"start":{"line":385,"column":28},"end":{"line":385,"column":35}},"202":{"start":{"line":387,"column":24},"end":{"line":394,"column":57}},"203":{"start":{"line":389,"column":32},"end":{"line":389,"column":71}},"204":{"start":{"line":390,"column":32},"end":{"line":393,"column":65}},"205":{"start":{"line":392,"column":40},"end":{"line":392,"column":54}},"206":{"start":{"line":393,"column":52},"end":{"line":393,"column":63}},"207":{"start":{"line":394,"column":44},"end":{"line":394,"column":55}},"208":{"start":{"line":395,"column":36},"end":{"line":395,"column":47}},"209":{"start":{"line":400,"column":12},"end":{"line":491,"column":15}},"210":{"start":{"line":401,"column":16},"end":{"line":490,"column":49}},"211":{"start":{"line":403,"column":24},"end":{"line":406,"column":25}},"212":{"start":{"line":404,"column":28},"end":{"line":404,"column":58}},"213":{"start":{"line":405,"column":28},"end":{"line":405,"column":35}},"214":{"start":{"line":409,"column":24},"end":{"line":418,"column":27}},"215":{"start":{"line":410,"column":28},"end":{"line":417,"column":31}},"216":{"start":{"line":411,"column":32},"end":{"line":416,"column":63}},"217":{"start":{"line":416,"column":50},"end":{"line":416,"column":61}},"218":{"start":{"line":421,"column":24},"end":{"line":423,"column":55}},"219":{"start":{"line":423,"column":42},"end":{"line":423,"column":53}},"220":{"start":{"line":428,"column":24},"end":{"line":439,"column":27}},"221":{"start":{"line":429,"column":28},"end":{"line":438,"column":29}},"222":{"start":{"line":430,"column":32},"end":{"line":437,"column":35}},"223":{"start":{"line":431,"column":36},"end":{"line":436,"column":67}},"224":{"start":{"line":436,"column":54},"end":{"line":436,"column":65}},"225":{"start":{"line":442,"column":24},"end":{"line":444,"column":55}},"226":{"start":{"line":444,"column":42},"end":{"line":444,"column":53}},"227":{"start":{"line":449,"column":24},"end":{"line":460,"column":27}},"228":{"start":{"line":450,"column":28},"end":{"line":459,"column":29}},"229":{"start":{"line":451,"column":32},"end":{"line":458,"column":35}},"230":{"start":{"line":452,"column":36},"end":{"line":457,"column":67}},"231":{"start":{"line":457,"column":54},"end":{"line":457,"column":65}},"232":{"start":{"line":463,"column":24},"end":{"line":465,"column":55}},"233":{"start":{"line":465,"column":42},"end":{"line":465,"column":53}},"234":{"start":{"line":468,"column":24},"end":{"line":479,"column":27}},"235":{"start":{"line":469,"column":28},"end":{"line":478,"column":29}},"236":{"start":{"line":470,"column":32},"end":{"line":477,"column":35}},"237":{"start":{"line":471,"column":36},"end":{"line":476,"column":67}},"238":{"start":{"line":476,"column":54},"end":{"line":476,"column":65}},"239":{"start":{"line":482,"column":24},"end":{"line":484,"column":55}},"240":{"start":{"line":484,"column":42},"end":{"line":484,"column":53}},"241":{"start":{"line":487,"column":24},"end":{"line":489,"column":55}},"242":{"start":{"line":488,"column":42},"end":{"line":488,"column":55}},"243":{"start":{"line":489,"column":42},"end":{"line":489,"column":53}},"244":{"start":{"line":490,"column":36},"end":{"line":490,"column":47}}},"branchMap":{"1":{"line":31,"type":"if","locations":[{"start":{"line":31,"column":16},"end":{"line":31,"column":16}},{"start":{"line":31,"column":16},"end":{"line":31,"column":16}}]},"2":{"line":38,"type":"if","locations":[{"start":{"line":38,"column":24},"end":{"line":38,"column":24}},{"start":{"line":38,"column":24},"end":{"line":38,"column":24}}]},"3":{"line":96,"type":"if","locations":[{"start":{"line":96,"column":24},"end":{"line":96,"column":24}},{"start":{"line":96,"column":24},"end":{"line":96,"column":24}}]},"4":{"line":101,"type":"cond-expr","locations":[{"start":{"line":101,"column":58},"end":{"line":101,"column":67}},{"start":{"line":101,"column":70},"end":{"line":101,"column":89}}]},"5":{"line":116,"type":"if","locations":[{"start":{"line":116,"column":24},"end":{"line":116,"column":24}},{"start":{"line":116,"column":24},"end":{"line":116,"column":24}}]},"6":{"line":122,"type":"if","locations":[{"start":{"line":122,"column":32},"end":{"line":122,"column":32}},{"start":{"line":122,"column":32},"end":{"line":122,"column":32}}]},"7":{"line":152,"type":"if","locations":[{"start":{"line":152,"column":24},"end":{"line":152,"column":24}},{"start":{"line":152,"column":24},"end":{"line":152,"column":24}}]},"8":{"line":158,"type":"if","locations":[{"start":{"line":158,"column":32},"end":{"line":158,"column":32}},{"start":{"line":158,"column":32},"end":{"line":158,"column":32}}]},"9":{"line":183,"type":"if","locations":[{"start":{"line":183,"column":24},"end":{"line":183,"column":24}},{"start":{"line":183,"column":24},"end":{"line":183,"column":24}}]},"10":{"line":208,"type":"if","locations":[{"start":{"line":208,"column":24},"end":{"line":208,"column":24}},{"start":{"line":208,"column":24},"end":{"line":208,"column":24}}]},"11":{"line":232,"type":"if","locations":[{"start":{"line":232,"column":24},"end":{"line":232,"column":24}},{"start":{"line":232,"column":24},"end":{"line":232,"column":24}}]},"12":{"line":257,"type":"if","locations":[{"start":{"line":257,"column":24},"end":{"line":257,"column":24}},{"start":{"line":257,"column":24},"end":{"line":257,"column":24}}]},"13":{"line":281,"type":"if","locations":[{"start":{"line":281,"column":24},"end":{"line":281,"column":24}},{"start":{"line":281,"column":24},"end":{"line":281,"column":24}}]},"14":{"line":303,"type":"if","locations":[{"start":{"line":303,"column":24},"end":{"line":303,"column":24}},{"start":{"line":303,"column":24},"end":{"line":303,"column":24}}]},"15":{"line":322,"type":"if","locations":[{"start":{"line":322,"column":24},"end":{"line":322,"column":24}},{"start":{"line":322,"column":24},"end":{"line":322,"column":24}}]},"16":{"line":340,"type":"if","locations":[{"start":{"line":340,"column":24},"end":{"line":340,"column":24}},{"start":{"line":340,"column":24},"end":{"line":340,"column":24}}]},"17":{"line":361,"type":"if","locations":[{"start":{"line":361,"column":24},"end":{"line":361,"column":24}},{"start":{"line":361,"column":24},"end":{"line":361,"column":24}}]},"18":{"line":383,"type":"if","locations":[{"start":{"line":383,"column":24},"end":{"line":383,"column":24}},{"start":{"line":383,"column":24},"end":{"line":383,"column":24}}]},"19":{"line":403,"type":"if","locations":[{"start":{"line":403,"column":24},"end":{"line":403,"column":24}},{"start":{"line":403,"column":24},"end":{"line":403,"column":24}}]},"20":{"line":429,"type":"if","locations":[{"start":{"line":429,"column":28},"end":{"line":429,"column":28}},{"start":{"line":429,"column":28},"end":{"line":429,"column":28}}]},"21":{"line":450,"type":"if","locations":[{"start":{"line":450,"column":28},"end":{"line":450,"column":28}},{"start":{"line":450,"column":28},"end":{"line":450,"column":28}}]},"22":{"line":469,"type":"if","locations":[{"start":{"line":469,"column":28},"end":{"line":469,"column":28}},{"start":{"line":469,"column":28},"end":{"line":469,"column":28}}]}}},"C:\\Users\\Corey\\Desktop\\PRJ666\\Repo\\Temp\\mobile-app-backend\\models\\user.js":{"path":"C:\\Users\\Corey\\Desktop\\PRJ666\\Repo\\Temp\\mobile-app-backend\\models\\user.js","s":{"1":1,"2":1,"3":1,"4":1,"5":0,"6":0,"7":1,"8":0,"9":1,"10":1},"b":{},"f":{"1":0,"2":0},"fnMap":{"1":{"name":"(anonymous_1)","line":24,"loc":{"start":{"line":24,"column":17},"end":{"line":24,"column":30}}},"2":{"name":"(anonymous_2)","line":45,"loc":{"start":{"line":45,"column":33},"end":{"line":45,"column":45}}}},"statementMap":{"1":{"start":{"line":1,"column":0},"end":{"line":1,"column":37}},"2":{"start":{"line":2,"column":0},"end":{"line":2,"column":31}},"3":{"start":{"line":3,"column":0},"end":{"line":3,"column":55}},"4":{"start":{"line":6,"column":0},"end":{"line":43,"column":3}},"5":{"start":{"line":25,"column":8},"end":{"line":25,"column":31}},"6":{"start":{"line":27,"column":24},"end":{"line":27,"column":66}},"7":{"start":{"line":45,"column":0},"end":{"line":45,"column":67}},"8":{"start":{"line":45,"column":47},"end":{"line":45,"column":63}},"9":{"start":{"line":47,"column":0},"end":{"line":47,"column":48}},"10":{"start":{"line":49,"column":0},"end":{"line":49,"column":22}}},"branchMap":{}},"C:\\Users\\Corey\\Desktop\\PRJ666\\Repo\\Temp\\mobile-app-backend\\models\\userSubDocs\\userImages.js":{"path":"C:\\Users\\Corey\\Desktop\\PRJ666\\Repo\\Temp\\mobile-app-backend\\models\\userSubDocs\\userImages.js","s":{"1":1,"2":1,"3":1,"4":1},"b":{},"f":{},"fnMap":{},"statementMap":{"1":{"start":{"line":1,"column":0},"end":{"line":1,"column":37}},"2":{"start":{"line":2,"column":0},"end":{"line":2,"column":31}},"3":{"start":{"line":5,"column":0},"end":{"line":16,"column":3}},"4":{"start":{"line":19,"column":0},"end":{"line":19,"column":33}}},"branchMap":{}},"C:\\Users\\Corey\\Desktop\\PRJ666\\Repo\\Temp\\mobile-app-backend\\models\\groupMember.js":{"path":"C:\\Users\\Corey\\Desktop\\PRJ666\\Repo\\Temp\\mobile-app-backend\\models\\groupMember.js","s":{"1":1,"2":1,"3":1,"4":1,"5":1},"b":{},"f":{},"fnMap":{},"statementMap":{"1":{"start":{"line":1,"column":0},"end":{"line":1,"column":37}},"2":{"start":{"line":2,"column":0},"end":{"line":2,"column":31}},"3":{"start":{"line":6,"column":0},"end":{"line":26,"column":3}},"4":{"start":{"line":29,"column":0},"end":{"line":29,"column":69}},"5":{"start":{"line":30,"column":0},"end":{"line":30,"column":29}}},"branchMap":{}},"C:\\Users\\Corey\\Desktop\\PRJ666\\Repo\\Temp\\mobile-app-backend\\models\\groupEvent.js":{"path":"C:\\Users\\Corey\\Desktop\\PRJ666\\Repo\\Temp\\mobile-app-backend\\models\\groupEvent.js","s":{"1":1,"2":1,"3":1,"4":1,"5":1,"6":1},"b":{},"f":{},"fnMap":{},"statementMap":{"1":{"start":{"line":1,"column":0},"end":{"line":1,"column":37}},"2":{"start":{"line":2,"column":0},"end":{"line":2,"column":31}},"3":{"start":{"line":3,"column":0},"end":{"line":3,"column":51}},"4":{"start":{"line":6,"column":0},"end":{"line":11,"column":3}},"5":{"start":{"line":14,"column":0},"end":{"line":14,"column":67}},"6":{"start":{"line":15,"column":0},"end":{"line":15,"column":28}}},"branchMap":{}},"C:\\Users\\Corey\\Desktop\\PRJ666\\Repo\\Temp\\mobile-app-backend\\models\\groupEventSubDocs\\event.js":{"path":"C:\\Users\\Corey\\Desktop\\PRJ666\\Repo\\Temp\\mobile-app-backend\\models\\groupEventSubDocs\\event.js","s":{"1":1,"2":1,"3":1,"4":1},"b":{},"f":{},"fnMap":{},"statementMap":{"1":{"start":{"line":1,"column":0},"end":{"line":1,"column":37}},"2":{"start":{"line":2,"column":0},"end":{"line":2,"column":31}},"3":{"start":{"line":5,"column":0},"end":{"line":10,"column":2}},"4":{"start":{"line":12,"column":0},"end":{"line":12,"column":29}}},"branchMap":{}},"C:\\Users\\Corey\\Desktop\\PRJ666\\Repo\\Temp\\mobile-app-backend\\routes\\groupMember\\groupMember.js":{"path":"C:\\Users\\Corey\\Desktop\\PRJ666\\Repo\\Temp\\mobile-app-backend\\routes\\groupMember\\groupMember.js","s":{"1":1,"2":1,"3":1,"4":1,"5":1,"6":0,"7":0,"8":0,"9":1,"10":0,"11":0,"12":0,"13":0,"14":1,"15":0,"16":0,"17":0,"18":0,"19":1,"20":0,"21":0,"22":0,"23":0,"24":1,"25":0,"26":0,"27":0,"28":1},"b":{},"f":{},"fnMap":{},"statementMap":{"1":{"start":{"line":1,"column":0},"end":{"line":1,"column":35}},"2":{"start":{"line":2,"column":0},"end":{"line":2,"column":32}},"3":{"start":{"line":3,"column":0},"end":{"line":3,"column":52}},"4":{"start":{"line":4,"column":0},"end":{"line":4,"column":27}},"5":{"start":{"line":7,"column":0},"end":{"line":13,"column":3}},"6":{"start":{"line":8,"column":4},"end":{"line":12,"column":6}},"7":{"start":{"line":9,"column":8},"end":{"line":9,"column":23}},"8":{"start":{"line":11,"column":8},"end":{"line":11,"column":36}},"9":{"start":{"line":16,"column":0},"end":{"line":23,"column":3}},"10":{"start":{"line":17,"column":4},"end":{"line":22,"column":6}},"11":{"start":{"line":18,"column":8},"end":{"line":18,"column":35}},"12":{"start":{"line":20,"column":8},"end":{"line":20,"column":25}},"13":{"start":{"line":21,"column":8},"end":{"line":21,"column":46}},"14":{"start":{"line":26,"column":0},"end":{"line":33,"column":3}},"15":{"start":{"line":27,"column":4},"end":{"line":32,"column":6}},"16":{"start":{"line":28,"column":8},"end":{"line":28,"column":34}},"17":{"start":{"line":30,"column":8},"end":{"line":30,"column":25}},"18":{"start":{"line":31,"column":8},"end":{"line":31,"column":46}},"19":{"start":{"line":36,"column":0},"end":{"line":44,"column":3}},"20":{"start":{"line":37,"column":4},"end":{"line":42,"column":6}},"21":{"start":{"line":38,"column":8},"end":{"line":38,"column":34}},"22":{"start":{"line":40,"column":8},"end":{"line":40,"column":25}},"23":{"start":{"line":41,"column":8},"end":{"line":41,"column":46}},"24":{"start":{"line":47,"column":0},"end":{"line":53,"column":3}},"25":{"start":{"line":48,"column":4},"end":{"line":52,"column":6}},"26":{"start":{"line":49,"column":8},"end":{"line":49,"column":34}},"27":{"start":{"line":51,"column":8},"end":{"line":51,"column":46}},"28":{"start":{"line":55,"column":0},"end":{"line":55,"column":24}}},"branchMap":{}},"C:\\Users\\Corey\\Desktop\\PRJ666\\Repo\\Temp\\mobile-app-backend\\routes\\groupEvents\\groupEvents.js":{"path":"C:\\Users\\Corey\\Desktop\\PRJ666\\Repo\\Temp\\mobile-app-backend\\routes\\groupEvents\\groupEvents.js","s":{"1":1,"2":1,"3":1,"4":1,"5":1,"6":0,"7":0,"8":0,"9":1,"10":0,"11":0,"12":0,"13":0,"14":1,"15":0,"16":0,"17":0,"18":0,"19":1,"20":0,"21":0,"22":0,"23":0,"24":1,"25":0,"26":0,"27":0,"28":1},"b":{},"f":{},"fnMap":{},"statementMap":{"1":{"start":{"line":1,"column":0},"end":{"line":1,"column":35}},"2":{"start":{"line":2,"column":0},"end":{"line":2,"column":32}},"3":{"start":{"line":3,"column":0},"end":{"line":3,"column":51}},"4":{"start":{"line":4,"column":0},"end":{"line":4,"column":27}},"5":{"start":{"line":7,"column":0},"end":{"line":13,"column":3}},"6":{"start":{"line":8,"column":4},"end":{"line":12,"column":6}},"7":{"start":{"line":9,"column":8},"end":{"line":9,"column":23}},"8":{"start":{"line":11,"column":8},"end":{"line":11,"column":36}},"9":{"start":{"line":16,"column":0},"end":{"line":23,"column":3}},"10":{"start":{"line":17,"column":4},"end":{"line":22,"column":6}},"11":{"start":{"line":18,"column":8},"end":{"line":18,"column":35}},"12":{"start":{"line":20,"column":8},"end":{"line":20,"column":25}},"13":{"start":{"line":21,"column":8},"end":{"line":21,"column":46}},"14":{"start":{"line":26,"column":0},"end":{"line":33,"column":3}},"15":{"start":{"line":27,"column":4},"end":{"line":32,"column":6}},"16":{"start":{"line":28,"column":8},"end":{"line":28,"column":34}},"17":{"start":{"line":30,"column":8},"end":{"line":30,"column":25}},"18":{"start":{"line":31,"column":8},"end":{"line":31,"column":46}},"19":{"start":{"line":36,"column":0},"end":{"line":44,"column":3}},"20":{"start":{"line":37,"column":4},"end":{"line":42,"column":6}},"21":{"start":{"line":38,"column":8},"end":{"line":38,"column":34}},"22":{"start":{"line":40,"column":8},"end":{"line":40,"column":25}},"23":{"start":{"line":41,"column":8},"end":{"line":41,"column":46}},"24":{"start":{"line":47,"column":0},"end":{"line":53,"column":3}},"25":{"start":{"line":48,"column":4},"end":{"line":52,"column":6}},"26":{"start":{"line":49,"column":8},"end":{"line":49,"column":34}},"27":{"start":{"line":51,"column":8},"end":{"line":51,"column":46}},"28":{"start":{"line":55,"column":0},"end":{"line":55,"column":24}}},"branchMap":{}},"C:\\Users\\Corey\\Desktop\\PRJ666\\Repo\\Temp\\mobile-app-backend\\routes\\users\\users.js":{"path":"C:\\Users\\Corey\\Desktop\\PRJ666\\Repo\\Temp\\mobile-app-backend\\routes\\users\\users.js","s":{"1":1,"2":1,"3":1,"4":1,"5":1,"6":0,"7":0,"8":0,"9":1,"10":0,"11":0,"12":0,"13":0,"14":1,"15":0,"16":0,"17":0,"18":1,"19":0,"20":0,"21":0,"22":1,"23":0,"24":0,"25":0,"26":1},"b":{},"f":{},"fnMap":{},"statementMap":{"1":{"start":{"line":1,"column":0},"end":{"line":1,"column":35}},"2":{"start":{"line":2,"column":0},"end":{"line":2,"column":32}},"3":{"start":{"line":3,"column":0},"end":{"line":3,"column":45}},"4":{"start":{"line":4,"column":0},"end":{"line":4,"column":27}},"5":{"start":{"line":7,"column":0},"end":{"line":13,"column":3}},"6":{"start":{"line":8,"column":4},"end":{"line":12,"column":6}},"7":{"start":{"line":9,"column":8},"end":{"line":9,"column":23}},"8":{"start":{"line":11,"column":8},"end":{"line":11,"column":40}},"9":{"start":{"line":16,"column":0},"end":{"line":24,"column":3}},"10":{"start":{"line":17,"column":4},"end":{"line":23,"column":6}},"11":{"start":{"line":19,"column":8},"end":{"line":19,"column":35}},"12":{"start":{"line":21,"column":8},"end":{"line":21,"column":24}},"13":{"start":{"line":22,"column":8},"end":{"line":22,"column":33}},"14":{"start":{"line":27,"column":0},"end":{"line":33,"column":2}},"15":{"start":{"line":28,"column":4},"end":{"line":32,"column":6}},"16":{"start":{"line":29,"column":8},"end":{"line":29,"column":34}},"17":{"start":{"line":31,"column":8},"end":{"line":31,"column":46}},"18":{"start":{"line":36,"column":0},"end":{"line":42,"column":3}},"19":{"start":{"line":37,"column":4},"end":{"line":41,"column":6}},"20":{"start":{"line":38,"column":8},"end":{"line":38,"column":35}},"21":{"start":{"line":40,"column":8},"end":{"line":40,"column":46}},"22":{"start":{"line":45,"column":0},"end":{"line":51,"column":3}},"23":{"start":{"line":46,"column":4},"end":{"line":50,"column":6}},"24":{"start":{"line":47,"column":8},"end":{"line":47,"column":34}},"25":{"start":{"line":49,"column":8},"end":{"line":49,"column":46}},"26":{"start":{"line":53,"column":0},"end":{"line":53,"column":24}}},"branchMap":{}},"C:\\Users\\Corey\\Desktop\\PRJ666\\Repo\\Temp\\mobile-app-backend\\routes\\defaultCategory\\defaultCategory.js":{"path":"C:\\Users\\Corey\\Desktop\\PRJ666\\Repo\\Temp\\mobile-app-backend\\routes\\defaultCategory\\defaultCategory.js","s":{"1":1,"2":1,"3":1,"4":1,"5":1,"6":0,"7":0,"8":0,"9":1,"10":0,"11":0,"12":0,"13":0,"14":1,"15":0,"16":0,"17":0,"18":0,"19":1,"20":0,"21":0,"22":0,"23":0,"24":1,"25":0,"26":0,"27":0,"28":1},"b":{},"f":{},"fnMap":{},"statementMap":{"1":{"start":{"line":1,"column":0},"end":{"line":1,"column":35}},"2":{"start":{"line":2,"column":0},"end":{"line":2,"column":32}},"3":{"start":{"line":3,"column":0},"end":{"line":3,"column":56}},"4":{"start":{"line":4,"column":0},"end":{"line":4,"column":27}},"5":{"start":{"line":7,"column":0},"end":{"line":13,"column":3}},"6":{"start":{"line":8,"column":4},"end":{"line":12,"column":6}},"7":{"start":{"line":9,"column":8},"end":{"line":9,"column":23}},"8":{"start":{"line":11,"column":8},"end":{"line":11,"column":36}},"9":{"start":{"line":16,"column":0},"end":{"line":23,"column":3}},"10":{"start":{"line":17,"column":4},"end":{"line":22,"column":6}},"11":{"start":{"line":18,"column":8},"end":{"line":18,"column":35}},"12":{"start":{"line":20,"column":8},"end":{"line":20,"column":25}},"13":{"start":{"line":21,"column":8},"end":{"line":21,"column":46}},"14":{"start":{"line":26,"column":0},"end":{"line":33,"column":3}},"15":{"start":{"line":27,"column":4},"end":{"line":32,"column":6}},"16":{"start":{"line":28,"column":8},"end":{"line":28,"column":34}},"17":{"start":{"line":30,"column":8},"end":{"line":30,"column":25}},"18":{"start":{"line":31,"column":8},"end":{"line":31,"column":46}},"19":{"start":{"line":36,"column":0},"end":{"line":44,"column":3}},"20":{"start":{"line":37,"column":4},"end":{"line":42,"column":6}},"21":{"start":{"line":38,"column":8},"end":{"line":38,"column":34}},"22":{"start":{"line":40,"column":8},"end":{"line":40,"column":25}},"23":{"start":{"line":41,"column":8},"end":{"line":41,"column":46}},"24":{"start":{"line":47,"column":0},"end":{"line":53,"column":3}},"25":{"start":{"line":48,"column":4},"end":{"line":52,"column":6}},"26":{"start":{"line":49,"column":8},"end":{"line":49,"column":34}},"27":{"start":{"line":51,"column":8},"end":{"line":51,"column":46}},"28":{"start":{"line":55,"column":0},"end":{"line":55,"column":24}}},"branchMap":{}},"C:\\Users\\Corey\\Desktop\\PRJ666\\Repo\\Temp\\mobile-app-backend\\models\\defaultCategory.js":{"path":"C:\\Users\\Corey\\Desktop\\PRJ666\\Repo\\Temp\\mobile-app-backend\\models\\defaultCategory.js","s":{"1":1,"2":1,"3":1,"4":1,"5":1},"b":{},"f":{},"fnMap":{},"statementMap":{"1":{"start":{"line":1,"column":0},"end":{"line":1,"column":37}},"2":{"start":{"line":2,"column":0},"end":{"line":2,"column":31}},"3":{"start":{"line":5,"column":0},"end":{"line":7,"column":3}},"4":{"start":{"line":9,"column":0},"end":{"line":9,"column":81}},"5":{"start":{"line":10,"column":0},"end":{"line":10,"column":33}}},"branchMap":{}},"C:\\Users\\Corey\\Desktop\\PRJ666\\Repo\\Temp\\mobile-app-backend\\mongoURL.js":{"path":"C:\\Users\\Corey\\Desktop\\PRJ666\\Repo\\Temp\\mobile-app-backend\\mongoURL.js","s":{"1":1,"2":1},"b":{},"f":{},"fnMap":{},"statementMap":{"1":{"start":{"line":1,"column":0},"end":{"line":1,"column":115}},"2":{"start":{"line":4,"column":0},"end":{"line":4,"column":27}}},"branchMap":{}}}