TN:
SF:C:\Users\Corey\Desktop\PRJ666\Repo\Temp\mobile-app-backend\index.js
FNF:0
FNH:0
DA:1,1
DA:2,1
DA:3,1
DA:4,1
DA:5,1
DA:6,1
DA:7,1
DA:8,1
DA:11,1
DA:14,1
DA:15,0
DA:17,0
DA:18,0
DA:23,1
DA:26,1
DA:29,1
DA:32,1
DA:35,1
DA:36,0
DA:40,1
DA:41,0
LF:21
LH:16
BRDA:2,1,0,1
BRDA:2,1,1,1
BRF:2
BRH:2
end_of_record
TN:
SF:C:\Users\Corey\Desktop\PRJ666\Repo\Temp\mobile-app-backend\routes\index.js
FN:14,(anonymous_1)
FNF:1
FNH:0
FNDA:0,(anonymous_1)
DA:1,1
DA:2,1
DA:3,1
DA:4,1
DA:5,1
DA:6,1
DA:7,1
DA:8,1
DA:11,1
DA:12,1
DA:14,1
DA:15,0
DA:16,0
DA:19,1
DA:20,1
DA:21,1
DA:22,1
DA:23,1
DA:24,1
DA:25,1
DA:26,1
DA:28,1
LF:22
LH:20
BRF:0
BRH:0
end_of_record
TN:
SF:C:\Users\Corey\Desktop\PRJ666\Repo\Temp\mobile-app-backend\models\groupFeed.js
FNF:0
FNH:0
DA:1,1
DA:2,1
DA:3,1
DA:6,1
DA:13,1
DA:14,1
LF:6
LH:6
BRF:0
BRH:0
end_of_record
TN:
SF:C:\Users\Corey\Desktop\PRJ666\Repo\Temp\mobile-app-backend\models\groupFeedSubDocs\post.js
FNF:0
FNH:0
DA:1,1
DA:2,1
DA:5,1
DA:22,1
LF:4
LH:4
BRF:0
BRH:0
end_of_record
TN:
SF:C:\Users\Corey\Desktop\PRJ666\Repo\Temp\mobile-app-backend\models\group.js
FN:19,(anonymous_1)
FNF:1
FNH:0
FNDA:0,(anonymous_1)
DA:1,1
DA:2,1
DA:3,1
DA:6,1
DA:19,1
DA:22,1
DA:23,1
LF:7
LH:7
BRF:0
BRH:0
end_of_record
TN:
SF:C:\Users\Corey\Desktop\PRJ666\Repo\Temp\mobile-app-backend\models\groupSubDocs\customMarkCategory.js
FNF:0
FNH:0
DA:1,1
DA:2,1
DA:5,1
DA:12,1
LF:4
LH:4
BRF:0
BRH:0
end_of_record
TN:
SF:C:\Users\Corey\Desktop\PRJ666\Repo\Temp\mobile-app-backend\routes\groupMarks\groupMarks.js
FNF:0
FNH:0
DA:1,1
DA:2,1
DA:3,1
DA:4,1
DA:17,1
DA:18,0
DA:19,0
DA:21,0
DA:26,1
DA:27,0
DA:29,0
DA:30,0
DA:33,0
DA:38,1
DA:39,0
DA:41,0
DA:42,0
DA:45,0
DA:46,0
DA:51,1
DA:52,0
DA:54,0
DA:57,0
DA:58,0
DA:63,1
DA:64,0
DA:66,0
DA:69,0
DA:73,1
LF:29
LH:10
BRF:0
BRH:0
end_of_record
TN:
SF:C:\Users\Corey\Desktop\PRJ666\Repo\Temp\mobile-app-backend\models\groupMarks.js
FNF:0
FNH:0
DA:1,1
DA:2,1
DA:3,1
DA:6,1
DA:14,1
DA:15,1
LF:6
LH:6
BRF:0
BRH:0
end_of_record
TN:
SF:C:\Users\Corey\Desktop\PRJ666\Repo\Temp\mobile-app-backend\models\groupMarkSubDocs\mark.js
FN:42,checkCoordinates
FNF:1
FNH:0
FNDA:0,checkCoordinates
DA:1,1
DA:2,1
DA:3,1
DA:6,1
DA:20,1
DA:42,1
DA:43,0
DA:47,1
LF:8
LH:7
BRF:0
BRH:0
end_of_record
TN:
SF:C:\Users\Corey\Desktop\PRJ666\Repo\Temp\mobile-app-backend\models\groupMarkSubDocs\location.js
FNF:0
FNH:0
DA:1,1
DA:2,1
DA:3,1
DA:4,1
DA:7,1
DA:28,1
LF:6
LH:6
BRF:0
BRH:0
end_of_record
TN:
SF:C:\Users\Corey\Desktop\PRJ666\Repo\Temp\mobile-app-backend\models\groupMarkSubDocs\locationImage.js
FNF:0
FNH:0
DA:1,1
DA:2,1
DA:5,1
DA:19,1
LF:4
LH:4
BRF:0
BRH:0
end_of_record
TN:
SF:C:\Users\Corey\Desktop\PRJ666\Repo\Temp\mobile-app-backend\models\groupMarkSubDocs\review.js
FNF:0
FNH:0
DA:1,1
DA:2,1
DA:5,1
DA:19,1
LF:4
LH:4
BRF:0
BRH:0
end_of_record
TN:
SF:C:\Users\Corey\Desktop\PRJ666\Repo\Temp\mobile-app-backend\routes\groupRoles\groupRoles.js
FNF:0
FNH:0
DA:1,1
DA:2,1
DA:3,1
DA:4,1
DA:7,1
DA:8,0
DA:9,0
DA:11,0
DA:16,1
DA:17,0
DA:18,0
DA:20,0
DA:21,0
DA:26,1
DA:27,0
DA:28,0
DA:30,0
DA:31,0
DA:36,1
DA:37,0
DA:38,0
DA:40,0
DA:41,0
DA:46,1
DA:47,0
DA:48,0
DA:50,0
DA:54,1
LF:28
LH:10
BRF:0
BRH:0
end_of_record
TN:
SF:C:\Users\Corey\Desktop\PRJ666\Repo\Temp\mobile-app-backend\models\groupRoles.js
FNF:0
FNH:0
DA:1,1
DA:2,1
DA:5,1
DA:12,1
DA:13,1
LF:5
LH:5
BRF:0
BRH:0
end_of_record
TN:
SF:C:\Users\Corey\Desktop\PRJ666\Repo\Temp\mobile-app-backend\routes\groups\groups.js
FNF:0
FNH:0
DA:1,1
DA:2,1
DA:3,1
DA:4,1
DA:7,1
DA:8,0
DA:9,0
DA:11,0
DA:16,1
DA:17,0
DA:18,0
DA:20,0
DA:25,1
DA:26,0
DA:27,0
DA:29,0
DA:34,1
DA:35,0
DA:36,0
DA:38,0
DA:39,0
DA:45,1
DA:46,0
DA:47,0
DA:49,0
DA:50,0
DA:56,1
DA:57,0
DA:58,0
DA:60,0
DA:65,1
DA:66,0
DA:67,0
DA:69,0
DA:70,0
DA:75,1
DA:76,0
DA:77,0
DA:79,0
DA:80,0
DA:85,1
DA:86,0
DA:87,0
DA:89,0
DA:90,0
DA:95,1
DA:96,0
DA:97,0
DA:99,0
DA:100,0
DA:105,1
DA:106,0
DA:107,0
DA:109,0
DA:114,1
DA:115,0
DA:116,0
DA:118,0
DA:123,1
DA:124,0
DA:125,0
DA:127,0
DA:133,1
DA:134,0
DA:135,0
DA:137,0
DA:142,1
DA:143,0
DA:144,0
DA:146,0
DA:151,1
DA:152,0
DA:153,0
DA:155,0
DA:156,0
DA:160,1
DA:161,0
DA:162,0
DA:164,0
DA:168,1
LF:80
LH:22
BRF:0
BRH:0
end_of_record
TN:
SF:C:\Users\Corey\Desktop\PRJ666\Repo\Temp\mobile-app-backend\routes\groups\groupsService.js
FN:409,(anonymous_1)
FN:428,(anonymous_2)
FN:449,(anonymous_3)
FN:468,(anonymous_4)
FNF:4
FNH:0
FNDA:0,(anonymous_1)
FNDA:0,(anonymous_2)
FNDA:0,(anonymous_3)
FNDA:0,(anonymous_4)
DA:1,1
DA:2,1
DA:3,1
DA:4,1
DA:5,1
DA:6,1
DA:7,1
DA:8,1
DA:10,1
DA:11,1
DA:13,0
DA:14,0
DA:16,0
DA:17,0
DA:22,0
DA:23,0
DA:24,0
DA:25,0
DA:30,0
DA:31,0
DA:32,0
DA:33,0
DA:36,0
DA:38,0
DA:39,0
DA:40,0
DA:43,0
DA:47,0
DA:52,0
DA:53,0
DA:56,0
DA:60,0
DA:61,0
DA:63,0
DA:67,0
DA:68,0
DA:70,0
DA:74,0
DA:75,0
DA:77,0
DA:79,0
DA:81,0
DA:83,0
DA:85,0
DA:86,0
DA:91,0
DA:92,0
DA:94,0
DA:96,0
DA:97,0
DA:98,0
DA:101,0
DA:103,0
DA:104,0
DA:105,0
DA:106,0
DA:111,0
DA:112,0
DA:114,0
DA:116,0
DA:117,0
DA:118,0
DA:120,0
DA:122,0
DA:123,0
DA:124,0
DA:126,0
DA:131,0
DA:132,0
DA:134,0
DA:136,0
DA:138,0
DA:141,0
DA:142,0
DA:143,0
DA:148,0
DA:150,0
DA:152,0
DA:153,0
DA:154,0
DA:156,0
DA:158,0
DA:159,0
DA:160,0
DA:162,0
DA:163,0
DA:164,0
DA:166,0
DA:170,0
DA:171,0
DA:172,0
DA:173,0
DA:174,0
DA:179,0
DA:181,0
DA:183,0
DA:184,0
DA:185,0
DA:187,0
DA:189,0
DA:190,0
DA:192,0
DA:197,0
DA:198,0
DA:199,0
DA:204,0
DA:206,0
DA:208,0
DA:209,0
DA:210,0
DA:212,0
DA:214,0
DA:215,0
DA:217,0
DA:221,0
DA:222,0
DA:223,0
DA:228,0
DA:230,0
DA:232,0
DA:233,0
DA:234,0
DA:236,0
DA:238,0
DA:239,0
DA:241,0
DA:246,0
DA:247,0
DA:248,0
DA:253,0
DA:254,0
DA:255,0
DA:257,0
DA:258,0
DA:259,0
DA:262,0
DA:266,0
DA:268,0
DA:269,0
DA:270,0
DA:272,0
DA:277,0
DA:279,0
DA:281,0
DA:282,0
DA:283,0
DA:286,0
DA:290,0
DA:292,0
DA:293,0
DA:294,0
DA:295,0
DA:300,0
DA:301,0
DA:303,0
DA:304,0
DA:305,0
DA:308,0
DA:310,0
DA:311,0
DA:312,0
DA:314,0
DA:319,0
DA:320,0
DA:322,0
DA:323,0
DA:324,0
DA:327,0
DA:329,0
DA:330,0
DA:331,0
DA:332,0
DA:337,0
DA:338,0
DA:340,0
DA:341,0
DA:342,0
DA:344,0
DA:346,0
DA:347,0
DA:349,0
DA:351,0
DA:352,0
DA:353,0
DA:358,0
DA:359,0
DA:361,0
DA:362,0
DA:363,0
DA:365,0
DA:367,0
DA:368,0
DA:370,0
DA:372,0
DA:373,0
DA:374,0
DA:379,0
DA:381,0
DA:383,0
DA:384,0
DA:385,0
DA:387,0
DA:389,0
DA:390,0
DA:392,0
DA:393,0
DA:394,0
DA:395,0
DA:400,0
DA:401,0
DA:403,0
DA:404,0
DA:405,0
DA:409,0
DA:410,0
DA:411,0
DA:416,0
DA:421,0
DA:423,0
DA:428,0
DA:429,0
DA:430,0
DA:431,0
DA:436,0
DA:442,0
DA:444,0
DA:449,0
DA:450,0
DA:451,0
DA:452,0
DA:457,0
DA:463,0
DA:465,0
DA:468,0
DA:469,0
DA:470,0
DA:471,0
DA:476,0
DA:482,0
DA:484,0
DA:487,0
DA:488,0
DA:489,0
DA:490,0
LF:244
LH:10
BRDA:31,1,0,0
BRDA:31,1,1,0
BRDA:38,2,0,0
BRDA:38,2,1,0
BRDA:96,3,0,0
BRDA:96,3,1,0
BRDA:101,4,0,0
BRDA:101,4,1,0
BRDA:116,5,0,0
BRDA:116,5,1,0
BRDA:122,6,0,0
BRDA:122,6,1,0
BRDA:152,7,0,0
BRDA:152,7,1,0
BRDA:158,8,0,0
BRDA:158,8,1,0
BRDA:183,9,0,0
BRDA:183,9,1,0
BRDA:208,10,0,0
BRDA:208,10,1,0
BRDA:232,11,0,0
BRDA:232,11,1,0
BRDA:257,12,0,0
BRDA:257,12,1,0
BRDA:281,13,0,0
BRDA:281,13,1,0
BRDA:303,14,0,0
BRDA:303,14,1,0
BRDA:322,15,0,0
BRDA:322,15,1,0
BRDA:340,16,0,0
BRDA:340,16,1,0
BRDA:361,17,0,0
BRDA:361,17,1,0
BRDA:383,18,0,0
BRDA:383,18,1,0
BRDA:403,19,0,0
BRDA:403,19,1,0
BRDA:429,20,0,0
BRDA:429,20,1,0
BRDA:450,21,0,0
BRDA:450,21,1,0
BRDA:469,22,0,0
BRDA:469,22,1,0
BRF:44
BRH:0
end_of_record
TN:
SF:C:\Users\Corey\Desktop\PRJ666\Repo\Temp\mobile-app-backend\models\user.js
FN:24,(anonymous_1)
FN:45,(anonymous_2)
FNF:2
FNH:0
FNDA:0,(anonymous_1)
FNDA:0,(anonymous_2)
DA:1,1
DA:2,1
DA:3,1
DA:6,1
DA:25,0
DA:27,0
DA:45,1
DA:47,1
DA:49,1
LF:9
LH:7
BRF:0
BRH:0
end_of_record
TN:
SF:C:\Users\Corey\Desktop\PRJ666\Repo\Temp\mobile-app-backend\models\userSubDocs\userImages.js
FNF:0
FNH:0
DA:1,1
DA:2,1
DA:5,1
DA:19,1
LF:4
LH:4
BRF:0
BRH:0
end_of_record
TN:
SF:C:\Users\Corey\Desktop\PRJ666\Repo\Temp\mobile-app-backend\models\groupMember.js
FNF:0
FNH:0
DA:1,1
DA:2,1
DA:6,1
DA:29,1
DA:30,1
LF:5
LH:5
BRF:0
BRH:0
end_of_record
TN:
SF:C:\Users\Corey\Desktop\PRJ666\Repo\Temp\mobile-app-backend\models\groupEvent.js
FNF:0
FNH:0
DA:1,1
DA:2,1
DA:3,1
DA:6,1
DA:14,1
DA:15,1
LF:6
LH:6
BRF:0
BRH:0
end_of_record
TN:
SF:C:\Users\Corey\Desktop\PRJ666\Repo\Temp\mobile-app-backend\models\groupEventSubDocs\event.js
FNF:0
FNH:0
DA:1,1
DA:2,1
DA:5,1
DA:12,1
LF:4
LH:4
BRF:0
BRH:0
end_of_record
TN:
SF:C:\Users\Corey\Desktop\PRJ666\Repo\Temp\mobile-app-backend\routes\groupMember\groupMember.js
FNF:0
FNH:0
DA:1,1
DA:2,1
DA:3,1
DA:4,1
DA:7,1
DA:8,0
DA:9,0
DA:11,0
DA:16,1
DA:17,0
DA:18,0
DA:20,0
DA:21,0
DA:26,1
DA:27,0
DA:28,0
DA:30,0
DA:31,0
DA:36,1
DA:37,0
DA:38,0
DA:40,0
DA:41,0
DA:47,1
DA:48,0
DA:49,0
DA:51,0
DA:55,1
LF:28
LH:10
BRF:0
BRH:0
end_of_record
TN:
SF:C:\Users\Corey\Desktop\PRJ666\Repo\Temp\mobile-app-backend\routes\groupEvents\groupEvents.js
FNF:0
FNH:0
DA:1,1
DA:2,1
DA:3,1
DA:4,1
DA:7,1
DA:8,0
DA:9,0
DA:11,0
DA:16,1
DA:17,0
DA:18,0
DA:20,0
DA:21,0
DA:26,1
DA:27,0
DA:28,0
DA:30,0
DA:31,0
DA:36,1
DA:37,0
DA:38,0
DA:40,0
DA:41,0
DA:47,1
DA:48,0
DA:49,0
DA:51,0
DA:55,1
LF:28
LH:10
BRF:0
BRH:0
end_of_record
TN:
SF:C:\Users\Corey\Desktop\PRJ666\Repo\Temp\mobile-app-backend\routes\users\users.js
FNF:0
FNH:0
DA:1,1
DA:2,1
DA:3,1
DA:4,1
DA:7,1
DA:8,0
DA:9,0
DA:11,0
DA:16,1
DA:17,0
DA:19,0
DA:21,0
DA:22,0
DA:27,1
DA:28,0
DA:29,0
DA:31,0
DA:36,1
DA:37,0
DA:38,0
DA:40,0
DA:45,1
DA:46,0
DA:47,0
DA:49,0
DA:53,1
LF:26
LH:10
BRF:0
BRH:0
end_of_record
TN:
SF:C:\Users\Corey\Desktop\PRJ666\Repo\Temp\mobile-app-backend\routes\defaultCategory\defaultCategory.js
FNF:0
FNH:0
DA:1,1
DA:2,1
DA:3,1
DA:4,1
DA:7,1
DA:8,0
DA:9,0
DA:11,0
DA:16,1
DA:17,0
DA:18,0
DA:20,0
DA:21,0
DA:26,1
DA:27,0
DA:28,0
DA:30,0
DA:31,0
DA:36,1
DA:37,0
DA:38,0
DA:40,0
DA:41,0
DA:47,1
DA:48,0
DA:49,0
DA:51,0
DA:55,1
LF:28
LH:10
BRF:0
BRH:0
end_of_record
TN:
SF:C:\Users\Corey\Desktop\PRJ666\Repo\Temp\mobile-app-backend\models\defaultCategory.js
FNF:0
FNH:0
DA:1,1
DA:2,1
DA:5,1
DA:9,1
DA:10,1
LF:5
LH:5
BRF:0
BRH:0
end_of_record
TN:
SF:C:\Users\Corey\Desktop\PRJ666\Repo\Temp\mobile-app-backend\mongoURL.js
FNF:0
FNH:0
DA:1,1
DA:4,1
LF:2
LH:2
BRF:0
BRH:0
end_of_record
